#
# There is insufficient memory for the Java Runtime Environment to continue.
# Native memory allocation (malloc) failed to allocate 131088 bytes for Chunk::new
# Possible reasons:
#   The system is out of physical RAM or swap space
#   In 32 bit mode, the process size limit was hit
# Possible solutions:
#   Reduce memory load on the system
#   Increase physical memory or swap space
#   Check if swap backing store is full
#   Use 64 bit Java on a 64 bit OS
#   Decrease Java heap size (-Xmx/-Xms)
#   Decrease number of Java threads
#   Decrease Java thread stack sizes (-Xss)
#   Set larger code cache with -XX:ReservedCodeCacheSize=
# This output file may be truncated or incomplete.
#
#  Out of Memory Error (allocation.cpp:323), pid=90212, tid=91116
#
# JRE version: Java(TM) SE Runtime Environment (7.0_67-b01) (build 1.7.0_67-b01)
# Java VM: Java HotSpot(TM) 64-Bit Server VM (24.65-b04 mixed mode windows-amd64 compressed oops)
# Failed to write core dump. Minidumps are not enabled by default on client versions of Windows
#

---------------  T H R E A D  ---------------

Current thread (0x00000000085ce800):  JavaThread "C2 CompilerThread1" daemon [_thread_in_native, id=91116, stack(0x0000000009ad0000,0x0000000009bd0000)]

Stack: [0x0000000009ad0000,0x0000000009bd0000]
[error occurred during error reporting (printing stack bounds), id 0xc0000005]


Current CompileTask:
C2:   6605  373             com.android.dx.ssa.ConstCollector::getConstsSortedByCountUse (386 bytes)


---------------  P R O C E S S  ---------------

Java Threads: ( => current thread )
  0x00000000085cf000 JavaThread "Service Thread" daemon [_thread_blocked, id=90160, stack(0x0000000009f50000,0x000000000a050000)]
=>0x00000000085ce800 JavaThread "C2 CompilerThread1" daemon [_thread_in_native, id=91116, stack(0x0000000009ad0000,0x0000000009bd0000)]
  0x00000000085c7800 JavaThread "C2 CompilerThread0" daemon [_thread_in_native, id=90464, stack(0x0000000009da0000,0x0000000009ea0000)]
  0x00000000085c6800 JavaThread "Attach Listener" daemon [_thread_blocked, id=90904, stack(0x0000000009bf0000,0x0000000009cf0000)]
  0x00000000085bf000 JavaThread "Signal Dispatcher" daemon [_thread_blocked, id=90956, stack(0x0000000009680000,0x0000000009780000)]
  0x000000000855f000 JavaThread "Finalizer" daemon [_thread_blocked, id=90372, stack(0x00000000099a0000,0x0000000009aa0000)]
  0x000000000855d800 JavaThread "Reference Handler" daemon [_thread_blocked, id=89912, stack(0x0000000009780000,0x0000000009880000)]
  0x000000000213e000 JavaThread "main" [_thread_in_Java, id=88976, stack(0x0000000002390000,0x0000000002490000)]

Other Threads:
  0x0000000008558000 VMThread [stack: 0x0000000009510000,0x0000000009610000] [id=88972]
  0x00000000085d8800 WatcherThread [stack: 0x000000000a150000,0x000000000a250000] [id=90180]

VM state:not at safepoint (normal execution)

VM Mutex/Monitor currently owned by a thread: None

Heap
 PSYoungGen      total 57344K, used 30575K [0x00000000eaa80000, 0x00000000eea00000, 0x0000000100000000)
  eden space 49664K, 46% used [0x00000000eaa80000,0x00000000ec0dc228,0x00000000edb00000)
  from space 7680K, 99% used [0x00000000edb00000,0x00000000ee27f9f8,0x00000000ee280000)
  to   space 7680K, 0% used [0x00000000ee280000,0x00000000ee280000,0x00000000eea00000)
 ParOldGen       total 130048K, used 1354K [0x00000000c0000000, 0x00000000c7f00000, 0x00000000eaa80000)
  object space 130048K, 1% used [0x00000000c0000000,0x00000000c0152a10,0x00000000c7f00000)
 PSPermGen       total 21504K, used 5601K [0x00000000bae00000, 0x00000000bc300000, 0x00000000c0000000)
  object space 21504K, 26% used [0x00000000bae00000,0x00000000bb378560,0x00000000bc300000)

Card table byte_map: [0x0000000005490000,0x00000000056c0000] byte_map_base: 0x0000000004eb9000

Polling page: 0x0000000000240000

Code Cache  [0x0000000002490000, 0x0000000002700000, 0x0000000005490000)
 total_blobs=606 nmethods=372 adapters=186 free_code_cache=47574Kb largest_free_block=48682048

Compilation events (10 events):
Event: 6.392 Thread 0x00000000085c7800 nmethod 370 0x00000000026199d0 code [0x0000000002619c00, 0x000000000261a870]
Event: 6.392 Thread 0x00000000085c7800  371             com.android.dx.ssa.DomFront::run (264 bytes)
Event: 6.397 Thread 0x00000000085ce800 nmethod 369 0x000000000261b790 code [0x000000000261bcc0, 0x000000000261e240]
Event: 6.398 Thread 0x00000000085ce800  372             com.android.dx.ssa.DomFront::buildDomTree (72 bytes)
Event: 6.409 Thread 0x00000000085ce800 nmethod 372 0x0000000002600210 code [0x00000000026003a0, 0x0000000002600988]
Event: 6.409 Thread 0x00000000085ce800  373             com.android.dx.ssa.ConstCollector::getConstsSortedByCountUse (386 bytes)
Event: 6.421 Thread 0x00000000085c7800 nmethod 371 0x0000000002620e90 code [0x00000000026210a0, 0x0000000002621d60]
Event: 6.421 Thread 0x00000000085c7800  374             com.android.dx.cf.code.ExecutionStack::size (5 bytes)
Event: 6.421 Thread 0x00000000085c7800 nmethod 374 0x0000000002601d90 code [0x0000000002601ec0, 0x0000000002601f18]
Event: 6.421 Thread 0x00000000085c7800  375             com.android.dx.ssa.ConstCollector::updateConstUses (248 bytes)

GC Heap History (2 events):
Event: 5.272 GC heap before
{Heap before GC invocations=1 (full 0):
 PSYoungGen      total 57344K, used 49664K [0x00000000eaa80000, 0x00000000eea00000, 0x0000000100000000)
  eden space 49664K, 100% used [0x00000000eaa80000,0x00000000edb00000,0x00000000edb00000)
  from space 7680K, 0% used [0x00000000ee280000,0x00000000ee280000,0x00000000eea00000)
  to   space 7680K, 0% used [0x00000000edb00000,0x00000000edb00000,0x00000000ee280000)
 ParOldGen       total 130048K, used 0K [0x00000000c0000000, 0x00000000c7f00000, 0x00000000eaa80000)
  object space 130048K, 0% used [0x00000000c0000000,0x00000000c0000000,0x00000000c7f00000)
 PSPermGen       total 21504K, used 5549K [0x00000000bae00000, 0x00000000bc300000, 0x00000000c0000000)
  object space 21504K, 25% used [0x00000000bae00000,0x00000000bb36b750,0x00000000bc300000)
Event: 5.472 GC heap after
Heap after GC invocations=1 (full 0):
 PSYoungGen      total 57344K, used 7678K [0x00000000eaa80000, 0x00000000eea00000, 0x0000000100000000)
  eden space 49664K, 0% used [0x00000000eaa80000,0x00000000eaa80000,0x00000000edb00000)
  from space 7680K, 99% used [0x00000000edb00000,0x00000000ee27f9f8,0x00000000ee280000)
  to   space 7680K, 0% used [0x00000000ee280000,0x00000000ee280000,0x00000000eea00000)
 ParOldGen       total 130048K, used 1354K [0x00000000c0000000, 0x00000000c7f00000, 0x00000000eaa80000)
  object space 130048K, 1% used [0x00000000c0000000,0x00000000c0152a10,0x00000000c7f00000)
 PSPermGen       total 21504K, used 5549K [0x00000000bae00000, 0x00000000bc300000, 0x00000000c0000000)
  object space 21504K, 25% used [0x00000000bae00000,0x00000000bb36b750,0x00000000bc300000)
}

Deoptimization events (10 events):
Event: 5.075 Thread 0x000000000213e000 Uncommon trap: reason=unreached action=reinterpret pc=0x0000000002554610 method=com.android.dx.ssa.SCCP.simulateBranch(Lcom/android/dx/ssa/SsaInsn;)V @ 132
Event: 5.788 Thread 0x000000000213e000 Uncommon trap: reason=class_check action=maybe_recompile pc=0x0000000002559d78 method=java.util.HashMap.put(Ljava/lang/Object;Ljava/lang/Object;)Ljava/lang/Object; @ 83
Event: 5.996 Thread 0x000000000213e000 Uncommon trap: reason=unreached action=reinterpret pc=0x00000000025d0664 method=com.android.dx.cf.code.BaseMachine.getLocalTarget(Z)Lcom/android/dx/rop/code/RegisterSpec; @ 131
Event: 6.073 Thread 0x000000000213e000 Uncommon trap: reason=bimorphic action=maybe_recompile pc=0x00000000025e5430 method=com.android.dx.ssa.LiteralOpUpgrader.tryReplacingWithConstant(Lcom/android/dx/ssa/NormalSsaInsn;)Z @ 52
Event: 6.079 Thread 0x000000000213e000 Uncommon trap: reason=bimorphic action=maybe_recompile pc=0x00000000025e5430 method=com.android.dx.ssa.LiteralOpUpgrader.tryReplacingWithConstant(Lcom/android/dx/ssa/NormalSsaInsn;)Z @ 52
Event: 6.080 Thread 0x000000000213e000 Uncommon trap: reason=bimorphic action=maybe_recompile pc=0x00000000025e5430 method=com.android.dx.ssa.LiteralOpUpgrader.tryReplacingWithConstant(Lcom/android/dx/ssa/NormalSsaInsn;)Z @ 52
Event: 6.335 Thread 0x000000000213e000 Uncommon trap: reason=class_check action=maybe_recompile pc=0x0000000002559d78 method=java.util.HashMap.put(Ljava/lang/Object;Ljava/lang/Object;)Ljava/lang/Object; @ 83
Event: 6.335 Thread 0x000000000213e000 Uncommon trap: reason=class_check action=maybe_recompile pc=0x0000000002559d78 method=java.util.HashMap.put(Ljava/lang/Object;Ljava/lang/Object;)Ljava/lang/Object; @ 83
Event: 6.335 Thread 0x000000000213e000 Uncommon trap: reason=class_check action=maybe_recompile pc=0x0000000002559d78 method=java.util.HashMap.put(Ljava/lang/Object;Ljava/lang/Object;)Ljava/lang/Object; @ 83
Event: 6.516 Thread 0x000000000213e000 Uncommon trap: reason=bimorphic action=maybe_recompile pc=0x00000000025e5430 method=com.android.dx.ssa.LiteralOpUpgrader.tryReplacingWithConstant(Lcom/android/dx/ssa/NormalSsaInsn;)Z @ 52

Internal exceptions (10 events):
Event: 2.762 Thread 0x000000000213e000 Threw 0x00000000ebc582f0 at C:\re\jdk7u67\1368\hotspot\src\share\vm\prims\jvm.cpp:1244
Event: 4.183 Thread 0x000000000213e000 Threw 0x00000000ec92e230 at C:\re\jdk7u67\1368\hotspot\src\share\vm\prims\jvm.cpp:1244
Event: 4.956 Thread 0x000000000213e000 Implicit null exception at 0x00000000025a91a8 to 0x00000000025aadc9
Event: 4.994 Thread 0x000000000213e000 Implicit null exception at 0x00000000025a4177 to 0x00000000025a4861
Event: 5.075 Thread 0x000000000213e000 Threw 0x00000000ed7243c8 at C:\re\jdk7u67\1368\hotspot\src\share\vm\prims\jvm.cpp:1244
Event: 5.870 Thread 0x000000000213e000 Threw 0x00000000eb08f678 at C:\re\jdk7u67\1368\hotspot\src\share\vm\prims\jvm.cpp:1244
Event: 5.870 Thread 0x000000000213e000 Threw 0x00000000eb091ba0 at C:\re\jdk7u67\1368\hotspot\src\share\vm\prims\jvm.cpp:1244
Event: 5.941 Thread 0x000000000213e000 Threw 0x00000000eb243b20 at C:\re\jdk7u67\1368\hotspot\src\share\vm\prims\jvm.cpp:1244
Event: 5.942 Thread 0x000000000213e000 Threw 0x00000000eb249360 at C:\re\jdk7u67\1368\hotspot\src\share\vm\prims\jvm.cpp:1244
Event: 5.943 Thread 0x000000000213e000 Threw 0x00000000eb24e928 at C:\re\jdk7u67\1368\hotspot\src\share\vm\prims\jvm.cpp:1244

Events (10 events):
Event: 6.335 Thread 0x000000000213e000 DEOPT UNPACKING pc=0x00000000024c75a4 sp=0x000000000248e648 mode 2
Event: 6.335 Thread 0x000000000213e000 Uncommon trap: trap_request=0xffffffde fr.pc=0x0000000002559d78
Event: 6.335 Thread 0x000000000213e000 DEOPT PACKING pc=0x0000000002559d78 sp=0x000000000248e6a0
Event: 6.335 Thread 0x000000000213e000 DEOPT UNPACKING pc=0x00000000024c75a4 sp=0x000000000248e648 mode 2
Event: 6.335 Thread 0x000000000213e000 Uncommon trap: trap_request=0xffffffde fr.pc=0x0000000002559d78
Event: 6.335 Thread 0x000000000213e000 DEOPT PACKING pc=0x0000000002559d78 sp=0x000000000248e6a0
Event: 6.335 Thread 0x000000000213e000 DEOPT UNPACKING pc=0x00000000024c75a4 sp=0x000000000248e648 mode 2
Event: 6.516 Thread 0x000000000213e000 Uncommon trap: trap_request=0xffffffc6 fr.pc=0x00000000025e5430
Event: 6.516 Thread 0x000000000213e000 DEOPT PACKING pc=0x00000000025e5430 sp=0x000000000248e720
Event: 6.516 Thread 0x000000000213e000 DEOPT UNPACKING pc=0x00000000024c75a4 sp=0x000000000248e5d8 mode 2


Dynamic libraries:
0x000000013fe00000 - 0x000000013fe33000 	C:\Program Files\Java\jdk1.7.0_67\bin\java.exe
0x0000000077c40000 - 0x0000000077de9000 	C:\Windows\SYSTEM32\ntdll.dll
0x0000000077a20000 - 0x0000000077b3f000 	C:\Windows\system32\kernel32.dll
0x000007fefdd10000 - 0x000007fefdd7c000 	C:\Windows\system32\KERNELBASE.dll
0x000007feff870000 - 0x000007feff94b000 	C:\Windows\system32\ADVAPI32.dll
0x000007feffbb0000 - 0x000007feffc4f000 	C:\Windows\system32\msvcrt.dll
0x000007fefde20000 - 0x000007fefde3f000 	C:\Windows\SYSTEM32\sechost.dll
0x000007feff640000 - 0x000007feff76d000 	C:\Windows\system32\RPCRT4.dll
0x0000000077b40000 - 0x0000000077c3a000 	C:\Windows\system32\USER32.dll
0x000007fefde40000 - 0x000007fefdea7000 	C:\Windows\system32\GDI32.dll
0x000007feffc50000 - 0x000007feffc5e000 	C:\Windows\system32\LPK.dll
0x000007feff770000 - 0x000007feff839000 	C:\Windows\system32\USP10.dll
0x000007fefbdd0000 - 0x000007fefbfc4000 	C:\Windows\WinSxS\amd64_microsoft.windows.common-controls_6595b64144ccf1df_6.0.7601.18837_none_fa3b1e3d17594757\COMCTL32.dll
0x000007feffc60000 - 0x000007feffcd1000 	C:\Windows\system32\SHLWAPI.dll
0x000007feff840000 - 0x000007feff86e000 	C:\Windows\system32\IMM32.DLL
0x000007feff530000 - 0x000007feff639000 	C:\Windows\system32\MSCTF.dll
0x000007fefd920000 - 0x000007fefd951000 	C:\Windows\system32\nvinitx.dll
0x000000000f000000 - 0x000000000f006000 	C:\Program Files\NVIDIA Corporation\CoProcManager\detoured.dll
0x000007fef6810000 - 0x000007fef683d000 	C:\Program Files\NVIDIA Corporation\CoProcManager\nvd3d9wrapx.dll
0x000007fefec40000 - 0x000007fefee17000 	C:\Windows\system32\SETUPAPI.dll
0x000007fefdcb0000 - 0x000007fefdce6000 	C:\Windows\system32\CFGMGR32.dll
0x000007feffe70000 - 0x000007fefff47000 	C:\Windows\system32\OLEAUT32.dll
0x000007fefee90000 - 0x000007feff093000 	C:\Windows\system32\ole32.dll
0x000007fefdcf0000 - 0x000007fefdd0a000 	C:\Windows\system32\DEVOBJ.dll
0x000007fef6470000 - 0x000007fef6492000 	C:\Program Files\NVIDIA Corporation\CoProcManager\nvdxgiwrapx.dll
0x0000000078950000 - 0x0000000078a22000 	C:\Program Files\Java\jdk1.7.0_67\jre\bin\msvcr100.dll
0x000000006e4c0000 - 0x000000006ec92000 	C:\Program Files\Java\jdk1.7.0_67\jre\bin\server\jvm.dll
0x000007fef8dc0000 - 0x000007fef8dc9000 	C:\Windows\system32\WSOCK32.dll
0x000007fefee40000 - 0x000007fefee8d000 	C:\Windows\system32\WS2_32.dll
0x000007fefddb0000 - 0x000007fefddb8000 	C:\Windows\system32\NSI.dll
0x000007fef9710000 - 0x000007fef974b000 	C:\Windows\system32\WINMM.dll
0x0000000077e00000 - 0x0000000077e07000 	C:\Windows\system32\PSAPI.DLL
0x0000000069280000 - 0x000000006928f000 	C:\Program Files\Java\jdk1.7.0_67\jre\bin\verify.dll
0x0000000065c70000 - 0x0000000065c98000 	C:\Program Files\Java\jdk1.7.0_67\jre\bin\java.dll
0x0000000065d10000 - 0x0000000065d25000 	C:\Program Files\Java\jdk1.7.0_67\jre\bin\zip.dll
0x0000000065cf0000 - 0x0000000065d09000 	C:\Program Files\Java\jdk1.7.0_67\jre\bin\net.dll
0x000007fefd190000 - 0x000007fefd1e5000 	C:\Windows\system32\mswsock.dll
0x000007fefd180000 - 0x000007fefd187000 	C:\Windows\System32\wship6.dll
0x0000000065780000 - 0x0000000065791000 	C:\Program Files\Java\jdk1.7.0_67\jre\bin\nio.dll

VM Arguments:
jvm_args: -Xmx1024M -Dfile.encoding=windows-1252 -Duser.country=US -Duser.language=en -Duser.variant 
java_command: com.android.dx.command.Main --dex --output C:\Users\Sony\AndroidStudioProjects\CityFinderExtended\app\build\intermediates\pre-dexed\debug\classes-0e9c5010bbf85f872f9198397e5d3c810e8d6205.jar C:\Users\Sony\AndroidStudioProjects\CityFinderExtended\app\build\intermediates\exploded-aar\com.android.support\appcompat-v7\22.2.0\jars\classes.jar
Launcher Type: SUN_STANDARD

Environment Variables:
PATH=C:\Program Files\Common Files\Microsoft Shared\Windows Live;C:\Program Files (x86)\Common Files\Microsoft Shared\Windows Live;C:\Program Files (x86)\NVIDIA Corporation\PhysX\Common;C:\Windows\system32;C:\Windows;C:\Windows\System32\Wbem;C:\Windows\System32\WindowsPowerShell\v1.0\;C:\Program Files\Intel\WiFi\bin\;C:\Program Files\Common Files\Intel\WirelessCommon\;C:\Program Files (x86)\Intel\OpenCL SDK\2.0\bin\x86;C:\Program Files (x86)\Intel\OpenCL SDK\2.0\bin\x64;C:\Program Files\MATLAB\R2012b\runtime\win64;C:\Program Files\MATLAB\R2012b\bin;C:\Program Files (x86)\Windows Live\Shared;C:\OrCAD\OrCAD_16.6_Lite\tools\pcb\bin;C:\OrCAD\OrCAD_16.6_Lite\tools\fet\bin;C:\OrCAD\OrCAD_16.6_Lite\OpenAccess\bin\win32\opt;C:\OrCAD\OrCAD_16.6_Lite\tools\bin;C:\OrCAD\OrCAD_16.6_Lite\tools\Capture;C:\OrCAD\OrCAD_16.6_Lite\tools\PSpice;C:\Program Files\Intel\WiFi\bin\;C:\Program Files\Common Files\Intel\WirelessCommon\
USERNAME=Sony
OS=Windows_NT
PROCESSOR_IDENTIFIER=Intel64 Family 6 Model 58 Stepping 9, GenuineIntel



---------------  S Y S T E M  ---------------

OS: Windows 7 , 64 bit Build 7601 Service Pack 1

CPU:total 4 (2 cores per cpu, 2 threads per core) family 6 model 58 stepping 9, cmov, cx8, fxsr, mmx, sse, sse2, sse3, ssse3, sse4.1, sse4.2, popcnt, avx, aes, erms, ht, tsc, tscinvbit, tscinv

Memory: 4k page, physical 12479772k(1534776k free), swap 13526508k(5184k free)

vm_info: Java HotSpot(TM) 64-Bit Server VM (24.65-b04) for windows-amd64 JRE (1.7.0_67-b01), built on Jul 25 2014 08:55:00 by "java_re" with unknown MS VC++:1600

time: Tue Aug 25 19:29:13 2015
elapsed time: 6 seconds

