#
# There is insufficient memory for the Java Runtime Environment to continue.
# Native memory allocation (malloc) failed to allocate 556336 bytes for Chunk::new
# Possible reasons:
#   The system is out of physical RAM or swap space
#   In 32 bit mode, the process size limit was hit
# Possible solutions:
#   Reduce memory load on the system
#   Increase physical memory or swap space
#   Check if swap backing store is full
#   Use 64 bit Java on a 64 bit OS
#   Decrease Java heap size (-Xmx/-Xms)
#   Decrease number of Java threads
#   Decrease Java thread stack sizes (-Xss)
#   Set larger code cache with -XX:ReservedCodeCacheSize=
# This output file may be truncated or incomplete.
#
#  Out of Memory Error (allocation.cpp:323), pid=77524, tid=89492
#
# JRE version: Java(TM) SE Runtime Environment (7.0_67-b01) (build 1.7.0_67-b01)
# Java VM: Java HotSpot(TM) 64-Bit Server VM (24.65-b04 mixed mode windows-amd64 compressed oops)
# Failed to write core dump. Minidumps are not enabled by default on client versions of Windows
#

---------------  T H R E A D  ---------------

Current thread (0x000000000844f800):  JavaThread "C2 CompilerThread0" daemon [_thread_in_native, id=89492, stack(0x0000000009bc0000,0x0000000009cc0000)]

Stack: [0x0000000009bc0000,0x0000000009cc0000]
[error occurred during error reporting (printing stack bounds), id 0xc0000005]


Current CompileTask:
C2:  11208  488   !         com.android.dx.cf.code.Ropper::processBlock (1101 bytes)


---------------  P R O C E S S  ---------------

Java Threads: ( => current thread )
  0x000000000845f000 JavaThread "Service Thread" daemon [_thread_blocked, id=92364, stack(0x000000000a000000,0x000000000a100000)]
  0x000000000845e800 JavaThread "C2 CompilerThread1" daemon [_thread_in_native, id=88188, stack(0x0000000009d60000,0x0000000009e60000)]
=>0x000000000844f800 JavaThread "C2 CompilerThread0" daemon [_thread_in_native, id=89492, stack(0x0000000009bc0000,0x0000000009cc0000)]
  0x000000000844e800 JavaThread "Attach Listener" daemon [_thread_blocked, id=91588, stack(0x00000000099b0000,0x0000000009ab0000)]
  0x0000000008447000 JavaThread "Signal Dispatcher" daemon [_thread_blocked, id=90748, stack(0x0000000009760000,0x0000000009860000)]
  0x00000000083ef000 JavaThread "Finalizer" daemon [_thread_blocked, id=89912, stack(0x0000000009860000,0x0000000009960000)]
  0x00000000083ed800 JavaThread "Reference Handler" daemon [_thread_blocked, id=92504, stack(0x0000000009660000,0x0000000009760000)]
  0x000000000210e000 JavaThread "main" [_thread_in_Java, id=86068, stack(0x00000000024c0000,0x00000000025c0000)]

Other Threads:
  0x00000000083e8000 VMThread [stack: 0x0000000009450000,0x0000000009550000] [id=92472]
  0x0000000008468800 WatcherThread [stack: 0x000000000a140000,0x000000000a240000] [id=10368]

VM state:not at safepoint (normal execution)

VM Mutex/Monitor currently owned by a thread: None

Heap
 PSYoungGen      total 107008K, used 32863K [0x00000000eaa80000, 0x00000000f1a80000, 0x0000000100000000)
  eden space 99328K, 25% used [0x00000000eaa80000,0x00000000ec31ecd0,0x00000000f0b80000)
  from space 7680K, 99% used [0x00000000f1300000,0x00000000f1a79328,0x00000000f1a80000)
  to   space 7680K, 0% used [0x00000000f0b80000,0x00000000f0b80000,0x00000000f1300000)
 ParOldGen       total 130048K, used 7209K [0x00000000c0000000, 0x00000000c7f00000, 0x00000000eaa80000)
  object space 130048K, 5% used [0x00000000c0000000,0x00000000c070a478,0x00000000c7f00000)
 PSPermGen       total 21504K, used 5641K [0x00000000bae00000, 0x00000000bc300000, 0x00000000c0000000)
  object space 21504K, 26% used [0x00000000bae00000,0x00000000bb3824a0,0x00000000bc300000)

Card table byte_map: [0x00000000055c0000,0x00000000057f0000] byte_map_base: 0x0000000004fe9000

Polling page: 0x0000000000240000

Code Cache  [0x00000000025c0000, 0x0000000002830000, 0x00000000055c0000)
 total_blobs=713 nmethods=479 adapters=186 free_code_cache=47209Kb largest_free_block=48288832

Compilation events (10 events):
Event: 10.897 Thread 0x000000000844f800 nmethod 483 0x0000000002782910 code [0x0000000002782a40, 0x0000000002782b18]
Event: 10.898 Thread 0x000000000844f800  484   !         com.android.dx.cf.direct.AttributeListParser::parse (323 bytes)
Event: 10.904 Thread 0x000000000844f800 nmethod 484 0x0000000002782010 code [0x0000000002782180, 0x00000000027824c8]
Event: 10.905 Thread 0x000000000844f800  485             com.android.dx.cf.code.ExecutionStack::<init> (34 bytes)
Event: 10.907 Thread 0x000000000844f800 nmethod 485 0x0000000002781bd0 code [0x0000000002781d20, 0x0000000002781f18]
Event: 10.908 Thread 0x000000000844f800  486             com.android.dx.cf.code.OneLocalsArray::<init> (22 bytes)
Event: 10.910 Thread 0x000000000844f800 nmethod 486 0x00000000027818d0 code [0x0000000002781a20, 0x0000000002781b38]
Event: 10.910 Thread 0x000000000844f800  487             com.android.dx.cf.code.LocalsArray::<init> (6 bytes)
Event: 10.910 Thread 0x000000000844f800 nmethod 487 0x0000000002783f90 code [0x00000000027840c0, 0x0000000002784118]
Event: 10.910 Thread 0x000000000844f800  488   !         com.android.dx.cf.code.Ropper::processBlock (1101 bytes)

GC Heap History (4 events):
Event: 6.442 GC heap before
{Heap before GC invocations=1 (full 0):
 PSYoungGen      total 57344K, used 49664K [0x00000000eaa80000, 0x00000000eea00000, 0x0000000100000000)
  eden space 49664K, 100% used [0x00000000eaa80000,0x00000000edb00000,0x00000000edb00000)
  from space 7680K, 0% used [0x00000000ee280000,0x00000000ee280000,0x00000000eea00000)
  to   space 7680K, 0% used [0x00000000edb00000,0x00000000edb00000,0x00000000ee280000)
 ParOldGen       total 130048K, used 0K [0x00000000c0000000, 0x00000000c7f00000, 0x00000000eaa80000)
  object space 130048K, 0% used [0x00000000c0000000,0x00000000c0000000,0x00000000c7f00000)
 PSPermGen       total 21504K, used 5552K [0x00000000bae00000, 0x00000000bc300000, 0x00000000c0000000)
  object space 21504K, 25% used [0x00000000bae00000,0x00000000bb36c150,0x00000000bc300000)
Event: 6.622 GC heap after
Heap after GC invocations=1 (full 0):
 PSYoungGen      total 57344K, used 7672K [0x00000000eaa80000, 0x00000000f1a80000, 0x0000000100000000)
  eden space 49664K, 0% used [0x00000000eaa80000,0x00000000eaa80000,0x00000000edb00000)
  from space 7680K, 99% used [0x00000000edb00000,0x00000000ee27e070,0x00000000ee280000)
  to   space 7680K, 0% used [0x00000000f1300000,0x00000000f1300000,0x00000000f1a80000)
 ParOldGen       total 130048K, used 1427K [0x00000000c0000000, 0x00000000c7f00000, 0x00000000eaa80000)
  object space 130048K, 1% used [0x00000000c0000000,0x00000000c0164c08,0x00000000c7f00000)
 PSPermGen       total 21504K, used 5552K [0x00000000bae00000, 0x00000000bc300000, 0x00000000c0000000)
  object space 21504K, 25% used [0x00000000bae00000,0x00000000bb36c150,0x00000000bc300000)
}
Event: 9.218 GC heap before
{Heap before GC invocations=2 (full 0):
 PSYoungGen      total 57344K, used 57336K [0x00000000eaa80000, 0x00000000f1a80000, 0x0000000100000000)
  eden space 49664K, 100% used [0x00000000eaa80000,0x00000000edb00000,0x00000000edb00000)
  from space 7680K, 99% used [0x00000000edb00000,0x00000000ee27e070,0x00000000ee280000)
  to   space 7680K, 0% used [0x00000000f1300000,0x00000000f1300000,0x00000000f1a80000)
 ParOldGen       total 130048K, used 1427K [0x00000000c0000000, 0x00000000c7f00000, 0x00000000eaa80000)
  object space 130048K, 1% used [0x00000000c0000000,0x00000000c0164c08,0x00000000c7f00000)
 PSPermGen       total 21504K, used 5623K [0x00000000bae00000, 0x00000000bc300000, 0x00000000c0000000)
  object space 21504K, 26% used [0x00000000bae00000,0x00000000bb37dcf0,0x00000000bc300000)
Event: 9.864 GC heap after
Heap after GC invocations=2 (full 0):
 PSYoungGen      total 107008K, used 7652K [0x00000000eaa80000, 0x00000000f1a80000, 0x0000000100000000)
  eden space 99328K, 0% used [0x00000000eaa80000,0x00000000eaa80000,0x00000000f0b80000)
  from space 7680K, 99% used [0x00000000f1300000,0x00000000f1a79328,0x00000000f1a80000)
  to   space 7680K, 0% used [0x00000000f0b80000,0x00000000f0b80000,0x00000000f1300000)
 ParOldGen       total 130048K, used 7209K [0x00000000c0000000, 0x00000000c7f00000, 0x00000000eaa80000)
  object space 130048K, 5% used [0x00000000c0000000,0x00000000c070a478,0x00000000c7f00000)
 PSPermGen       total 21504K, used 5623K [0x00000000bae00000, 0x00000000bc300000, 0x00000000c0000000)
  object space 21504K, 26% used [0x00000000bae00000,0x00000000bb37dcf0,0x00000000bc300000)
}

Deoptimization events (10 events):
Event: 8.904 Thread 0x000000000210e000 Uncommon trap: reason=bimorphic action=maybe_recompile pc=0x0000000002755564 method=com.android.dx.cf.code.BytecodeArray.parseInstruction(ILcom/android/dx/cf/code/BytecodeArray$Visitor;)I @ 1287
Event: 9.065 Thread 0x000000000210e000 Uncommon trap: reason=null_check action=make_not_entrant pc=0x0000000002787418 method=com.android.dx.dex.file.MethodIdsSection.intern(Lcom/android/dx/rop/cst/CstBaseMethodRef;)Lcom/android/dx/dex/file/MethodIdItem; @ 26
Event: 10.584 Thread 0x000000000210e000 Uncommon trap: reason=bimorphic action=maybe_recompile pc=0x00000000027a0ad0 method=com.android.dx.cf.code.BytecodeArray.parseInstruction(ILcom/android/dx/cf/code/BytecodeArray$Visitor;)I @ 1161
Event: 10.584 Thread 0x000000000210e000 Uncommon trap: reason=bimorphic action=maybe_recompile pc=0x00000000027a08b0 method=com.android.dx.cf.code.BytecodeArray.parseInstruction(ILcom/android/dx/cf/code/BytecodeArray$Visitor;)I @ 1035
Event: 10.584 Thread 0x000000000210e000 Uncommon trap: reason=bimorphic action=maybe_recompile pc=0x00000000027a0784 method=com.android.dx.cf.code.BytecodeArray.parseInstruction(ILcom/android/dx/cf/code/BytecodeArray$Visitor;)I @ 987
Event: 10.584 Thread 0x000000000210e000 Uncommon trap: reason=bimorphic action=maybe_recompile pc=0x00000000027a0a38 method=com.android.dx.cf.code.BytecodeArray.parseInstruction(ILcom/android/dx/cf/code/BytecodeArray$Visitor;)I @ 1130
Event: 10.584 Thread 0x000000000210e000 Uncommon trap: reason=bimorphic action=maybe_recompile pc=0x00000000027a0a38 method=com.android.dx.cf.code.BytecodeArray.parseInstruction(ILcom/android/dx/cf/code/BytecodeArray$Visitor;)I @ 1130
Event: 10.585 Thread 0x000000000210e000 Uncommon trap: reason=class_check action=maybe_recompile pc=0x00000000026c45e0 method=com.android.dx.cf.code.Ropper.processBlock(Lcom/android/dx/cf/code/ByteBlock;Lcom/android/dx/cf/code/Frame;[I)V @ 777
Event: 10.723 Thread 0x000000000210e000 Uncommon trap: reason=class_check action=maybe_recompile pc=0x00000000026c45e0 method=com.android.dx.cf.code.Ropper.processBlock(Lcom/android/dx/cf/code/ByteBlock;Lcom/android/dx/cf/code/Frame;[I)V @ 777
Event: 10.727 Thread 0x000000000210e000 Uncommon trap: reason=class_check action=maybe_recompile pc=0x00000000026c45e0 method=com.android.dx.cf.code.Ropper.processBlock(Lcom/android/dx/cf/code/ByteBlock;Lcom/android/dx/cf/code/Frame;[I)V @ 777

Internal exceptions (10 events):
Event: 3.669 Thread 0x000000000210e000 Implicit null exception at 0x000000000266261b to 0x0000000002662d15
Event: 4.665 Thread 0x000000000210e000 Threw 0x00000000ec5d82e8 at C:\re\jdk7u67\1368\hotspot\src\share\vm\prims\jvm.cpp:1244
Event: 4.755 Thread 0x000000000210e000 Threw 0x00000000ec73d460 at C:\re\jdk7u67\1368\hotspot\src\share\vm\prims\jvm.cpp:1244
Event: 6.653 Thread 0x000000000210e000 Threw 0x00000000eabae230 at C:\re\jdk7u67\1368\hotspot\src\share\vm\prims\jvm.cpp:1244
Event: 6.654 Thread 0x000000000210e000 Threw 0x00000000eabb04f0 at C:\re\jdk7u67\1368\hotspot\src\share\vm\prims\jvm.cpp:1244
Event: 6.657 Thread 0x000000000210e000 Threw 0x00000000eabbf158 at C:\re\jdk7u67\1368\hotspot\src\share\vm\prims\jvm.cpp:1244
Event: 7.710 Thread 0x000000000210e000 Threw 0x00000000eb524260 at C:\re\jdk7u67\1368\hotspot\src\share\vm\prims\jvm.cpp:1244
Event: 8.446 Thread 0x000000000210e000 Implicit null exception at 0x0000000002664552 to 0x0000000002664642
Event: 10.199 Thread 0x000000000210e000 Threw 0x00000000ead0cf88 at C:\re\jdk7u67\1368\hotspot\src\share\vm\prims\jvm.cpp:1244
Event: 11.202 Thread 0x000000000210e000 Threw 0x00000000ec295f48 at C:\re\jdk7u67\1368\hotspot\src\share\vm\prims\jvm.cpp:1244

Events (10 events):
Event: 10.727 Thread 0x000000000210e000 DEOPT PACKING pc=0x00000000026c45e0 sp=0x00000000025beea0
Event: 10.727 Thread 0x000000000210e000 DEOPT UNPACKING pc=0x00000000025f75a4 sp=0x00000000025bee18 mode 2
Event: 10.840 Executing VM operation: RevokeBias
Event: 10.879 Executing VM operation: RevokeBias done
Event: 11.004 Executing VM operation: RevokeBias
Event: 11.008 Executing VM operation: RevokeBias done
Event: 11.136 Executing VM operation: RevokeBias
Event: 11.168 Executing VM operation: RevokeBias done
Event: 11.202 loading class 0x000000000a262260
Event: 11.202 loading class 0x000000000a262260 done


Dynamic libraries:
0x000000013fe00000 - 0x000000013fe33000 	C:\Program Files\Java\jdk1.7.0_67\bin\java.exe
0x0000000077c40000 - 0x0000000077de9000 	C:\Windows\SYSTEM32\ntdll.dll
0x0000000077a20000 - 0x0000000077b3f000 	C:\Windows\system32\kernel32.dll
0x000007fefdd10000 - 0x000007fefdd7c000 	C:\Windows\system32\KERNELBASE.dll
0x000007feff870000 - 0x000007feff94b000 	C:\Windows\system32\ADVAPI32.dll
0x000007feffbb0000 - 0x000007feffc4f000 	C:\Windows\system32\msvcrt.dll
0x000007fefde20000 - 0x000007fefde3f000 	C:\Windows\SYSTEM32\sechost.dll
0x000007feff640000 - 0x000007feff76d000 	C:\Windows\system32\RPCRT4.dll
0x0000000077b40000 - 0x0000000077c3a000 	C:\Windows\system32\USER32.dll
0x000007fefde40000 - 0x000007fefdea7000 	C:\Windows\system32\GDI32.dll
0x000007feffc50000 - 0x000007feffc5e000 	C:\Windows\system32\LPK.dll
0x000007feff770000 - 0x000007feff839000 	C:\Windows\system32\USP10.dll
0x000007fefbdd0000 - 0x000007fefbfc4000 	C:\Windows\WinSxS\amd64_microsoft.windows.common-controls_6595b64144ccf1df_6.0.7601.18837_none_fa3b1e3d17594757\COMCTL32.dll
0x000007feffc60000 - 0x000007feffcd1000 	C:\Windows\system32\SHLWAPI.dll
0x000007feff840000 - 0x000007feff86e000 	C:\Windows\system32\IMM32.DLL
0x000007feff530000 - 0x000007feff639000 	C:\Windows\system32\MSCTF.dll
0x000007fefd920000 - 0x000007fefd951000 	C:\Windows\system32\nvinitx.dll
0x000000000f000000 - 0x000000000f006000 	C:\Program Files\NVIDIA Corporation\CoProcManager\detoured.dll
0x000007fef6810000 - 0x000007fef683d000 	C:\Program Files\NVIDIA Corporation\CoProcManager\nvd3d9wrapx.dll
0x000007fefec40000 - 0x000007fefee17000 	C:\Windows\system32\SETUPAPI.dll
0x000007fefdcb0000 - 0x000007fefdce6000 	C:\Windows\system32\CFGMGR32.dll
0x000007feffe70000 - 0x000007fefff47000 	C:\Windows\system32\OLEAUT32.dll
0x000007fefee90000 - 0x000007feff093000 	C:\Windows\system32\ole32.dll
0x000007fefdcf0000 - 0x000007fefdd0a000 	C:\Windows\system32\DEVOBJ.dll
0x000007fef6470000 - 0x000007fef6492000 	C:\Program Files\NVIDIA Corporation\CoProcManager\nvdxgiwrapx.dll
0x0000000078950000 - 0x0000000078a22000 	C:\Program Files\Java\jdk1.7.0_67\jre\bin\msvcr100.dll
0x000000006e4c0000 - 0x000000006ec92000 	C:\Program Files\Java\jdk1.7.0_67\jre\bin\server\jvm.dll
0x000007fef8dc0000 - 0x000007fef8dc9000 	C:\Windows\system32\WSOCK32.dll
0x000007fefee40000 - 0x000007fefee8d000 	C:\Windows\system32\WS2_32.dll
0x000007fefddb0000 - 0x000007fefddb8000 	C:\Windows\system32\NSI.dll
0x000007fef9710000 - 0x000007fef974b000 	C:\Windows\system32\WINMM.dll
0x0000000077e00000 - 0x0000000077e07000 	C:\Windows\system32\PSAPI.DLL
0x0000000069280000 - 0x000000006928f000 	C:\Program Files\Java\jdk1.7.0_67\jre\bin\verify.dll
0x0000000065c70000 - 0x0000000065c98000 	C:\Program Files\Java\jdk1.7.0_67\jre\bin\java.dll
0x0000000065d10000 - 0x0000000065d25000 	C:\Program Files\Java\jdk1.7.0_67\jre\bin\zip.dll
0x0000000065cf0000 - 0x0000000065d09000 	C:\Program Files\Java\jdk1.7.0_67\jre\bin\net.dll
0x000007fefd190000 - 0x000007fefd1e5000 	C:\Windows\system32\mswsock.dll
0x000007fefd180000 - 0x000007fefd187000 	C:\Windows\System32\wship6.dll
0x0000000065780000 - 0x0000000065791000 	C:\Program Files\Java\jdk1.7.0_67\jre\bin\nio.dll

VM Arguments:
jvm_args: -Xmx1024M -Dfile.encoding=windows-1252 -Duser.country=US -Duser.language=en -Duser.variant 
java_command: com.android.dx.command.Main --dex --output C:\Users\Sony\AndroidStudioProjects\CityFinderExtended\app\build\intermediates\pre-dexed\debug\classes-7700ddab58ec245b0aeb295842abc48072c415bd.jar C:\Users\Sony\AndroidStudioProjects\CityFinderExtended\app\build\intermediates\exploded-aar\com.android.support\support-v4\22.2.0\jars\classes.jar
Launcher Type: SUN_STANDARD

Environment Variables:
PATH=C:\Program Files\Common Files\Microsoft Shared\Windows Live;C:\Program Files (x86)\Common Files\Microsoft Shared\Windows Live;C:\Program Files (x86)\NVIDIA Corporation\PhysX\Common;C:\Windows\system32;C:\Windows;C:\Windows\System32\Wbem;C:\Windows\System32\WindowsPowerShell\v1.0\;C:\Program Files\Intel\WiFi\bin\;C:\Program Files\Common Files\Intel\WirelessCommon\;C:\Program Files (x86)\Intel\OpenCL SDK\2.0\bin\x86;C:\Program Files (x86)\Intel\OpenCL SDK\2.0\bin\x64;C:\Program Files\MATLAB\R2012b\runtime\win64;C:\Program Files\MATLAB\R2012b\bin;C:\Program Files (x86)\Windows Live\Shared;C:\OrCAD\OrCAD_16.6_Lite\tools\pcb\bin;C:\OrCAD\OrCAD_16.6_Lite\tools\fet\bin;C:\OrCAD\OrCAD_16.6_Lite\OpenAccess\bin\win32\opt;C:\OrCAD\OrCAD_16.6_Lite\tools\bin;C:\OrCAD\OrCAD_16.6_Lite\tools\Capture;C:\OrCAD\OrCAD_16.6_Lite\tools\PSpice;C:\Program Files\Intel\WiFi\bin\;C:\Program Files\Common Files\Intel\WirelessCommon\
USERNAME=Sony
OS=Windows_NT
PROCESSOR_IDENTIFIER=Intel64 Family 6 Model 58 Stepping 9, GenuineIntel



---------------  S Y S T E M  ---------------

OS: Windows 7 , 64 bit Build 7601 Service Pack 1

CPU:total 4 (2 cores per cpu, 2 threads per core) family 6 model 58 stepping 9, cmov, cx8, fxsr, mmx, sse, sse2, sse3, ssse3, sse4.1, sse4.2, popcnt, avx, aes, erms, ht, tsc, tscinvbit, tscinv

Memory: 4k page, physical 12479772k(1514472k free), swap 13526508k(5360k free)

vm_info: Java HotSpot(TM) 64-Bit Server VM (24.65-b04) for windows-amd64 JRE (1.7.0_67-b01), built on Jul 25 2014 08:55:00 by "java_re" with unknown MS VC++:1600

time: Tue Aug 25 19:59:49 2015
elapsed time: 11 seconds

