#
# There is insufficient memory for the Java Runtime Environment to continue.
# Native memory allocation (malloc) failed to allocate 425616 bytes for Chunk::new
# Possible reasons:
#   The system is out of physical RAM or swap space
#   In 32 bit mode, the process size limit was hit
# Possible solutions:
#   Reduce memory load on the system
#   Increase physical memory or swap space
#   Check if swap backing store is full
#   Use 64 bit Java on a 64 bit OS
#   Decrease Java heap size (-Xmx/-Xms)
#   Decrease number of Java threads
#   Decrease Java thread stack sizes (-Xss)
#   Set larger code cache with -XX:ReservedCodeCacheSize=
# This output file may be truncated or incomplete.
#
#  Out of Memory Error (allocation.cpp:323), pid=89540, tid=90732
#
# JRE version: Java(TM) SE Runtime Environment (7.0_67-b01) (build 1.7.0_67-b01)
# Java VM: Java HotSpot(TM) 64-Bit Server VM (24.65-b04 mixed mode windows-amd64 compressed oops)
# Failed to write core dump. Minidumps are not enabled by default on client versions of Windows
#

---------------  T H R E A D  ---------------

Current thread (0x00000000086d0800):  JavaThread "C2 CompilerThread0" daemon [_thread_in_native, id=90732, stack(0x0000000009f20000,0x000000000a020000)]

Stack: [0x0000000009f20000,0x000000000a020000]
[error occurred during error reporting (printing stack bounds), id 0xc0000005]


Current CompileTask:
C2:   5552  402   !         com.android.dx.cf.code.RopperMachine::run (1550 bytes)


---------------  P R O C E S S  ---------------

Java Threads: ( => current thread )
  0x00000000086d8000 JavaThread "Service Thread" daemon [_thread_blocked, id=77500, stack(0x000000000a240000,0x000000000a340000)]
  0x00000000086d7000 JavaThread "C2 CompilerThread1" daemon [_thread_in_native, id=89720, stack(0x000000000a050000,0x000000000a150000)]
=>0x00000000086d0800 JavaThread "C2 CompilerThread0" daemon [_thread_in_native, id=90732, stack(0x0000000009f20000,0x000000000a020000)]
  0x00000000086cf800 JavaThread "Attach Listener" daemon [_thread_blocked, id=89356, stack(0x0000000009d30000,0x0000000009e30000)]
  0x00000000086c8000 JavaThread "Signal Dispatcher" daemon [_thread_blocked, id=81168, stack(0x0000000009ac0000,0x0000000009bc0000)]
  0x0000000008674800 JavaThread "Finalizer" daemon [_thread_blocked, id=89372, stack(0x00000000098d0000,0x00000000099d0000)]
  0x000000000866d800 JavaThread "Reference Handler" daemon [_thread_blocked, id=90256, stack(0x00000000097c0000,0x00000000098c0000)]
  0x00000000002ce000 JavaThread "main" [_thread_blocked, id=88908, stack(0x0000000002340000,0x0000000002440000)]

Other Threads:
  0x0000000008668000 VMThread [stack: 0x0000000009620000,0x0000000009720000] [id=90700]
  0x00000000086e9800 WatcherThread [stack: 0x000000000a340000,0x000000000a440000] [id=73936]

VM state:not at safepoint (normal execution)

VM Mutex/Monitor currently owned by a thread:  ([mutex/lock_event])
[0x00000000002cc9f0] Heap_lock - owner thread: 0x00000000002ce000

Heap
 PSYoungGen      total 57344K, used 7670K [0x00000000eaa80000, 0x00000000f1a80000, 0x0000000100000000)
  eden space 49664K, 0% used [0x00000000eaa80000,0x00000000eaa80120,0x00000000edb00000)
  from space 7680K, 99% used [0x00000000ee280000,0x00000000ee9fd6e8,0x00000000eea00000)
  to   space 7680K, 0% used [0x00000000edb00000,0x00000000edb00000,0x00000000ee280000)
 ParOldGen       total 130048K, used 7577K [0x00000000c0000000, 0x00000000c7f00000, 0x00000000eaa80000)
  object space 130048K, 5% used [0x00000000c0000000,0x00000000c0766548,0x00000000c7f00000)
 PSPermGen       total 21504K, used 5628K [0x00000000bae00000, 0x00000000bc300000, 0x00000000c0000000)
  object space 21504K, 26% used [0x00000000bae00000,0x00000000bb37f038,0x00000000bc300000)

Card table byte_map: [0x00000000054f0000,0x0000000005720000] byte_map_base: 0x0000000004f19000

Polling page: 0x0000000000240000

Code Cache  [0x00000000024f0000, 0x0000000002760000, 0x00000000054f0000)
 total_blobs=641 nmethods=407 adapters=186 free_code_cache=47497Kb largest_free_block=48597440

Compilation events (10 events):
Event: 5.191 Thread 0x00000000086d7000 nmethod 406 0x0000000002675b90 code [0x0000000002675dc0, 0x0000000002676790]
Event: 5.191 Thread 0x00000000086d7000  407             com.android.dx.util.LabeledList::<init> (57 bytes)
Event: 5.215 Thread 0x00000000086d7000 nmethod 407 0x000000000266f090 code [0x000000000266f200, 0x000000000266f588]
Event: 5.215 Thread 0x00000000086d7000  408             com.android.dx.util.FixedSizeList::shrinkToFit (103 bytes)
Event: 5.224 Thread 0x00000000086d7000 nmethod 408 0x00000000026775d0 code [0x0000000002677720, 0x0000000002677ab8]
Event: 5.224 Thread 0x00000000086d7000  409             com.android.dx.util.LabeledList::rebuildLabelToIndex (46 bytes)
Event: 5.230 Thread 0x00000000086d7000 nmethod 409 0x000000000266eb50 code [0x000000000266eca0, 0x000000000266eed8]
Event: 5.230 Thread 0x00000000086d7000  410             com.android.dx.cf.code.ValueAwareMachine::run (1142 bytes)
Event: 5.544 Thread 0x00000000086d7000 nmethod 410 0x0000000002693950 code [0x0000000002694420, 0x0000000002695b20]
Event: 5.544 Thread 0x00000000086d7000  411             com.android.dx.cf.code.BaseMachine::getLocalTarget (151 bytes)

GC Heap History (4 events):
Event: 3.692 GC heap before
{Heap before GC invocations=1 (full 0):
 PSYoungGen      total 57344K, used 49664K [0x00000000eaa80000, 0x00000000eea00000, 0x0000000100000000)
  eden space 49664K, 100% used [0x00000000eaa80000,0x00000000edb00000,0x00000000edb00000)
  from space 7680K, 0% used [0x00000000ee280000,0x00000000ee280000,0x00000000eea00000)
  to   space 7680K, 0% used [0x00000000edb00000,0x00000000edb00000,0x00000000ee280000)
 ParOldGen       total 130048K, used 0K [0x00000000c0000000, 0x00000000c7f00000, 0x00000000eaa80000)
  object space 130048K, 0% used [0x00000000c0000000,0x00000000c0000000,0x00000000c7f00000)
 PSPermGen       total 21504K, used 5555K [0x00000000bae00000, 0x00000000bc300000, 0x00000000c0000000)
  object space 21504K, 25% used [0x00000000bae00000,0x00000000bb36ced0,0x00000000bc300000)
Event: 3.710 GC heap after
Heap after GC invocations=1 (full 0):
 PSYoungGen      total 57344K, used 7672K [0x00000000eaa80000, 0x00000000eea00000, 0x0000000100000000)
  eden space 49664K, 0% used [0x00000000eaa80000,0x00000000eaa80000,0x00000000edb00000)
  from space 7680K, 99% used [0x00000000edb00000,0x00000000ee27e070,0x00000000ee280000)
  to   space 7680K, 0% used [0x00000000ee280000,0x00000000ee280000,0x00000000eea00000)
 ParOldGen       total 130048K, used 1568K [0x00000000c0000000, 0x00000000c7f00000, 0x00000000eaa80000)
  object space 130048K, 1% used [0x00000000c0000000,0x00000000c0188098,0x00000000c7f00000)
 PSPermGen       total 21504K, used 5555K [0x00000000bae00000, 0x00000000bc300000, 0x00000000c0000000)
  object space 21504K, 25% used [0x00000000bae00000,0x00000000bb36ced0,0x00000000bc300000)
}
Event: 5.345 GC heap before
{Heap before GC invocations=2 (full 0):
 PSYoungGen      total 57344K, used 57336K [0x00000000eaa80000, 0x00000000eea00000, 0x0000000100000000)
  eden space 49664K, 100% used [0x00000000eaa80000,0x00000000edb00000,0x00000000edb00000)
  from space 7680K, 99% used [0x00000000edb00000,0x00000000ee27e070,0x00000000ee280000)
  to   space 7680K, 0% used [0x00000000ee280000,0x00000000ee280000,0x00000000eea00000)
 ParOldGen       total 130048K, used 1568K [0x00000000c0000000, 0x00000000c7f00000, 0x00000000eaa80000)
  object space 130048K, 1% used [0x00000000c0000000,0x00000000c0188098,0x00000000c7f00000)
 PSPermGen       total 21504K, used 5628K [0x00000000bae00000, 0x00000000bc300000, 0x00000000c0000000)
  object space 21504K, 26% used [0x00000000bae00000,0x00000000bb37f038,0x00000000bc300000)
Event: 5.534 GC heap after
Heap after GC invocations=2 (full 0):
 PSYoungGen      total 57344K, used 7669K [0x00000000eaa80000, 0x00000000f1a80000, 0x0000000100000000)
  eden space 49664K, 0% used [0x00000000eaa80000,0x00000000eaa80000,0x00000000edb00000)
  from space 7680K, 99% used [0x00000000ee280000,0x00000000ee9fd6e8,0x00000000eea00000)
  to   space 7680K, 0% used [0x00000000edb00000,0x00000000edb00000,0x00000000ee280000)
 ParOldGen       total 130048K, used 7577K [0x00000000c0000000, 0x00000000c7f00000, 0x00000000eaa80000)
  object space 130048K, 5% used [0x00000000c0000000,0x00000000c0766548,0x00000000c7f00000)
 PSPermGen       total 21504K, used 5628K [0x00000000bae00000, 0x00000000bc300000, 0x00000000c0000000)
  object space 21504K, 26% used [0x00000000bae00000,0x00000000bb37f038,0x00000000bc300000)
}

Deoptimization events (10 events):
Event: 3.637 Thread 0x00000000002ce000 Uncommon trap: reason=bimorphic action=maybe_recompile pc=0x000000000260f3e4 method=com.android.dx.cf.code.BytecodeArray.parseInstruction(ILcom/android/dx/cf/code/BytecodeArray$Visitor;)I @ 923
Event: 3.637 Thread 0x00000000002ce000 Uncommon trap: reason=bimorphic action=maybe_recompile pc=0x000000000260f9a8 method=com.android.dx.cf.code.BytecodeArray.parseInstruction(ILcom/android/dx/cf/code/BytecodeArray$Visitor;)I @ 1224
Event: 3.638 Thread 0x00000000002ce000 Uncommon trap: reason=class_check action=maybe_recompile pc=0x00000000025f73b0 method=com.android.dx.cf.code.Ropper.processBlock(Lcom/android/dx/cf/code/ByteBlock;Lcom/android/dx/cf/code/Frame;[I)V @ 777
Event: 4.287 Thread 0x00000000002ce000 Uncommon trap: reason=unloaded action=reinterpret pc=0x000000000264e058 method=com.android.dx.cf.cst.ConstantPoolParser.parse0(ILjava/util/BitSet;)Lcom/android/dx/rop/cst/Constant; @ 220
Event: 4.397 Thread 0x00000000002ce000 Uncommon trap: reason=bimorphic action=maybe_recompile pc=0x00000000025cfc44 method=java.util.HashMap.put(Ljava/lang/Object;Ljava/lang/Object;)Ljava/lang/Object; @ 83
Event: 4.434 Thread 0x00000000002ce000 Uncommon trap: reason=bimorphic action=maybe_recompile pc=0x00000000025cfc44 method=java.util.HashMap.put(Ljava/lang/Object;Ljava/lang/Object;)Ljava/lang/Object; @ 83
Event: 4.476 Thread 0x00000000002ce000 Uncommon trap: reason=unreached action=reinterpret pc=0x00000000025ae128 method=com.android.dx.ssa.LocalVariableExtractor.processBlock(I)V @ 251
Event: 4.495 Thread 0x00000000002ce000 Uncommon trap: reason=unreached action=reinterpret pc=0x00000000025c6018 method=com.android.dx.rop.code.LocalVariableExtractor.processBlock(I)V @ 195
Event: 4.541 Thread 0x00000000002ce000 Uncommon trap: reason=null_check action=make_not_entrant pc=0x0000000002595510 method=com.android.dx.rop.type.Type.equals(Ljava/lang/Object;)Z @ 8
Event: 4.544 Thread 0x00000000002ce000 Uncommon trap: reason=bimorphic action=maybe_recompile pc=0x00000000025cfc44 method=java.util.HashMap.put(Ljava/lang/Object;Ljava/lang/Object;)Ljava/lang/Object; @ 83

Internal exceptions (10 events):
Event: 1.564 Thread 0x00000000002ce000 Implicit null exception at 0x0000000002571620 to 0x0000000002571fed
Event: 1.907 Thread 0x00000000002ce000 Threw 0x00000000eb7c91e8 at C:\re\jdk7u67\1368\hotspot\src\share\vm\prims\jvm.cpp:1244
Event: 2.362 Thread 0x00000000002ce000 Implicit null exception at 0x0000000002592627 to 0x0000000002592d21
Event: 2.798 Thread 0x00000000002ce000 Threw 0x00000000ec4e1948 at C:\re\jdk7u67\1368\hotspot\src\share\vm\prims\jvm.cpp:1244
Event: 2.857 Thread 0x00000000002ce000 Threw 0x00000000ec646840 at C:\re\jdk7u67\1368\hotspot\src\share\vm\prims\jvm.cpp:1244
Event: 3.718 Thread 0x00000000002ce000 Threw 0x00000000eaab4528 at C:\re\jdk7u67\1368\hotspot\src\share\vm\prims\jvm.cpp:1244
Event: 3.718 Thread 0x00000000002ce000 Threw 0x00000000eaab67e8 at C:\re\jdk7u67\1368\hotspot\src\share\vm\prims\jvm.cpp:1244
Event: 3.725 Thread 0x00000000002ce000 Threw 0x00000000eaac5498 at C:\re\jdk7u67\1368\hotspot\src\share\vm\prims\jvm.cpp:1244
Event: 4.296 Thread 0x00000000002ce000 Threw 0x00000000eb4a8ee0 at C:\re\jdk7u67\1368\hotspot\src\share\vm\prims\jvm.cpp:1244
Event: 4.541 Thread 0x00000000002ce000 Implicit null exception at 0x0000000002595412 to 0x0000000002595502

Events (10 events):
Event: 4.495 Thread 0x00000000002ce000 DEOPT PACKING pc=0x00000000025c6018 sp=0x000000000243ed10
Event: 4.495 Thread 0x00000000002ce000 DEOPT UNPACKING pc=0x00000000025275a4 sp=0x000000000243ecb0 mode 2
Event: 4.541 Thread 0x00000000002ce000 Uncommon trap: trap_request=0xfffffff4 fr.pc=0x0000000002595510
Event: 4.541 Thread 0x00000000002ce000 DEOPT PACKING pc=0x0000000002595510 sp=0x000000000243ea30
Event: 4.541 Thread 0x00000000002ce000 DEOPT UNPACKING pc=0x00000000025275a4 sp=0x000000000243e9c8 mode 2
Event: 4.544 Thread 0x00000000002ce000 Uncommon trap: trap_request=0xffffffc6 fr.pc=0x00000000025cfc44
Event: 4.544 Thread 0x00000000002ce000 DEOPT PACKING pc=0x00000000025cfc44 sp=0x000000000243eb00
Event: 4.544 Thread 0x00000000002ce000 DEOPT UNPACKING pc=0x00000000025275a4 sp=0x000000000243ea90 mode 2
Event: 5.312 Executing VM operation: ParallelGCFailedAllocation
Event: 5.534 Executing VM operation: ParallelGCFailedAllocation done


Dynamic libraries:
0x000000013fe00000 - 0x000000013fe33000 	C:\Program Files\Java\jdk1.7.0_67\bin\java.exe
0x0000000077c40000 - 0x0000000077de9000 	C:\Windows\SYSTEM32\ntdll.dll
0x0000000077a20000 - 0x0000000077b3f000 	C:\Windows\system32\kernel32.dll
0x000007fefdd10000 - 0x000007fefdd7c000 	C:\Windows\system32\KERNELBASE.dll
0x000007feff870000 - 0x000007feff94b000 	C:\Windows\system32\ADVAPI32.dll
0x000007feffbb0000 - 0x000007feffc4f000 	C:\Windows\system32\msvcrt.dll
0x000007fefde20000 - 0x000007fefde3f000 	C:\Windows\SYSTEM32\sechost.dll
0x000007feff640000 - 0x000007feff76d000 	C:\Windows\system32\RPCRT4.dll
0x0000000077b40000 - 0x0000000077c3a000 	C:\Windows\system32\USER32.dll
0x000007fefde40000 - 0x000007fefdea7000 	C:\Windows\system32\GDI32.dll
0x000007feffc50000 - 0x000007feffc5e000 	C:\Windows\system32\LPK.dll
0x000007feff770000 - 0x000007feff839000 	C:\Windows\system32\USP10.dll
0x000007fefbdd0000 - 0x000007fefbfc4000 	C:\Windows\WinSxS\amd64_microsoft.windows.common-controls_6595b64144ccf1df_6.0.7601.18837_none_fa3b1e3d17594757\COMCTL32.dll
0x000007feffc60000 - 0x000007feffcd1000 	C:\Windows\system32\SHLWAPI.dll
0x000007feff840000 - 0x000007feff86e000 	C:\Windows\system32\IMM32.DLL
0x000007feff530000 - 0x000007feff639000 	C:\Windows\system32\MSCTF.dll
0x000007fefd920000 - 0x000007fefd951000 	C:\Windows\system32\nvinitx.dll
0x000000000f000000 - 0x000000000f006000 	C:\Program Files\NVIDIA Corporation\CoProcManager\detoured.dll
0x000007fef6810000 - 0x000007fef683d000 	C:\Program Files\NVIDIA Corporation\CoProcManager\nvd3d9wrapx.dll
0x000007fefec40000 - 0x000007fefee17000 	C:\Windows\system32\SETUPAPI.dll
0x000007fefdcb0000 - 0x000007fefdce6000 	C:\Windows\system32\CFGMGR32.dll
0x000007feffe70000 - 0x000007fefff47000 	C:\Windows\system32\OLEAUT32.dll
0x000007fefee90000 - 0x000007feff093000 	C:\Windows\system32\ole32.dll
0x000007fefdcf0000 - 0x000007fefdd0a000 	C:\Windows\system32\DEVOBJ.dll
0x000007fef6470000 - 0x000007fef6492000 	C:\Program Files\NVIDIA Corporation\CoProcManager\nvdxgiwrapx.dll
0x0000000078950000 - 0x0000000078a22000 	C:\Program Files\Java\jdk1.7.0_67\jre\bin\msvcr100.dll
0x000000006e4c0000 - 0x000000006ec92000 	C:\Program Files\Java\jdk1.7.0_67\jre\bin\server\jvm.dll
0x000007fef8dc0000 - 0x000007fef8dc9000 	C:\Windows\system32\WSOCK32.dll
0x000007fefee40000 - 0x000007fefee8d000 	C:\Windows\system32\WS2_32.dll
0x000007fefddb0000 - 0x000007fefddb8000 	C:\Windows\system32\NSI.dll
0x000007fef9710000 - 0x000007fef974b000 	C:\Windows\system32\WINMM.dll
0x0000000077e00000 - 0x0000000077e07000 	C:\Windows\system32\PSAPI.DLL
0x0000000069280000 - 0x000000006928f000 	C:\Program Files\Java\jdk1.7.0_67\jre\bin\verify.dll
0x0000000065c70000 - 0x0000000065c98000 	C:\Program Files\Java\jdk1.7.0_67\jre\bin\java.dll
0x0000000065d10000 - 0x0000000065d25000 	C:\Program Files\Java\jdk1.7.0_67\jre\bin\zip.dll
0x0000000065cf0000 - 0x0000000065d09000 	C:\Program Files\Java\jdk1.7.0_67\jre\bin\net.dll
0x000007fefd190000 - 0x000007fefd1e5000 	C:\Windows\system32\mswsock.dll
0x000007fefd180000 - 0x000007fefd187000 	C:\Windows\System32\wship6.dll
0x0000000065780000 - 0x0000000065791000 	C:\Program Files\Java\jdk1.7.0_67\jre\bin\nio.dll

VM Arguments:
jvm_args: -Xmx1024M -Dfile.encoding=windows-1252 -Duser.country=US -Duser.language=en -Duser.variant 
java_command: com.android.dx.command.Main --dex --output C:\Users\Sony\AndroidStudioProjects\CityFinderExtended\app\build\intermediates\pre-dexed\debug\classes-7700ddab58ec245b0aeb295842abc48072c415bd.jar C:\Users\Sony\AndroidStudioProjects\CityFinderExtended\app\build\intermediates\exploded-aar\com.android.support\support-v4\22.2.0\jars\classes.jar
Launcher Type: SUN_STANDARD

Environment Variables:
PATH=C:\Program Files\Common Files\Microsoft Shared\Windows Live;C:\Program Files (x86)\Common Files\Microsoft Shared\Windows Live;C:\Program Files (x86)\NVIDIA Corporation\PhysX\Common;C:\Windows\system32;C:\Windows;C:\Windows\System32\Wbem;C:\Windows\System32\WindowsPowerShell\v1.0\;C:\Program Files\Intel\WiFi\bin\;C:\Program Files\Common Files\Intel\WirelessCommon\;C:\Program Files (x86)\Intel\OpenCL SDK\2.0\bin\x86;C:\Program Files (x86)\Intel\OpenCL SDK\2.0\bin\x64;C:\Program Files\MATLAB\R2012b\runtime\win64;C:\Program Files\MATLAB\R2012b\bin;C:\Program Files (x86)\Windows Live\Shared;C:\OrCAD\OrCAD_16.6_Lite\tools\pcb\bin;C:\OrCAD\OrCAD_16.6_Lite\tools\fet\bin;C:\OrCAD\OrCAD_16.6_Lite\OpenAccess\bin\win32\opt;C:\OrCAD\OrCAD_16.6_Lite\tools\bin;C:\OrCAD\OrCAD_16.6_Lite\tools\Capture;C:\OrCAD\OrCAD_16.6_Lite\tools\PSpice;C:\Program Files\Intel\WiFi\bin\;C:\Program Files\Common Files\Intel\WirelessCommon\
USERNAME=Sony
OS=Windows_NT
PROCESSOR_IDENTIFIER=Intel64 Family 6 Model 58 Stepping 9, GenuineIntel



---------------  S Y S T E M  ---------------

OS: Windows 7 , 64 bit Build 7601 Service Pack 1

CPU:total 4 (2 cores per cpu, 2 threads per core) family 6 model 58 stepping 9, cmov, cx8, fxsr, mmx, sse, sse2, sse3, ssse3, sse4.1, sse4.2, popcnt, avx, aes, erms, ht, tsc, tscinvbit, tscinv

Memory: 4k page, physical 12479772k(1218732k free), swap 13526508k(5220k free)

vm_info: Java HotSpot(TM) 64-Bit Server VM (24.65-b04) for windows-amd64 JRE (1.7.0_67-b01), built on Jul 25 2014 08:55:00 by "java_re" with unknown MS VC++:1600

time: Tue Aug 25 19:35:29 2015
elapsed time: 5 seconds

